<?xml version="1.0" encoding="UTF-8"?>
<testng-results ignored="0" total="1" passed="1" failed="0" skipped="0">
  <reporter-output>
  </reporter-output>
  <suite started-at="2024-09-16T15:16:32 IST" name="Default suite" finished-at="2024-09-16T15:16:46 IST" duration-ms="14454">
    <groups>
      <group name="smoke">
        <method signature="CreateCampaignTest.createCampaignTest()[pri:0, instance:pac.CreateCampaignTest@4f209819]" name="createCampaignTest" class="pac.CreateCampaignTest"/>
      </group> <!-- smoke -->
    </groups>
    <test started-at="2024-09-16T15:16:32 IST" name="Default test" finished-at="2024-09-16T15:16:46 IST" duration-ms="14454">
      <class name="pac.CreateCampaignTest">
        <test-method is-config="true" signature="configBS()[pri:0, instance:pac.CreateCampaignTest@4f209819]" started-at="2024-09-16T15:16:32 IST" name="configBS" finished-at="2024-09-16T15:16:32 IST" duration-ms="63" status="PASS">
          <reporter-output>
          </reporter-output>
        </test-method> <!-- configBS -->
        <test-method is-config="true" signature="configBC()[pri:0, instance:pac.CreateCampaignTest@4f209819]" started-at="2024-09-16T15:16:32 IST" name="configBC" finished-at="2024-09-16T15:16:34 IST" duration-ms="2353" status="PASS">
          <reporter-output>
          </reporter-output>
        </test-method> <!-- configBC -->
        <test-method is-config="true" signature="configBM()[pri:0, instance:pac.CreateCampaignTest@4f209819]" started-at="2024-09-16T15:16:34 IST" name="configBM" finished-at="2024-09-16T15:16:38 IST" duration-ms="3464" status="PASS">
          <reporter-output>
          </reporter-output>
        </test-method> <!-- configBM -->
        <test-method signature="createCampaignTest()[pri:0, instance:pac.CreateCampaignTest@4f209819]" started-at="2024-09-16T15:16:38 IST" name="createCampaignTest" finished-at="2024-09-16T15:16:46 IST" duration-ms="8574" status="PASS">
          <reporter-output>
          </reporter-output>
        </test-method> <!-- createCampaignTest -->
        <test-method is-config="true" signature="configAM()[pri:0, instance:pac.CreateCampaignTest@4f209819]" started-at="2024-09-16T15:16:46 IST" name="configAM" finished-at="2024-09-16T15:16:46 IST" duration-ms="4" status="PASS">
          <reporter-output>
          </reporter-output>
        </test-method> <!-- configAM -->
        <test-method is-config="true" signature="configAS()[pri:0, instance:pac.CreateCampaignTest@4f209819]" started-at="2024-09-16T15:16:46 IST" name="configAS" finished-at="2024-09-16T15:16:46 IST" duration-ms="0" status="PASS">
          <reporter-output>
          </reporter-output>
        </test-method> <!-- configAS -->
      </class> <!-- pac.CreateCampaignTest -->
    </test> <!-- Default test -->
  </suite> <!-- Default suite -->
</testng-results>
