<?xml version="1.0" encoding="UTF-8"?>
<!-- Generated by org.testng.reporters.JUnitXMLReporter -->
<testsuite ignored="2" hostname="LAPTOP-AG5AQ5SQ" failures="0" tests="2" name="Test" time="25.998" errors="0" timestamp="2024-09-16T13:41:14 IST">
  <testcase classname="pac.CreateOrganizationTest" name="createOrganizationTest" time="6.399"/>
  <testcase classname="pac.CreateCampaignTest" name="createCampaignTest" time="8.857"/>
  <testcase classname="com.trent.basetestUtility.BaseClass" name="@AfterSuite configAS" time="0.0">
    <ignored/>
  </testcase> <!-- @AfterSuite configAS -->
  <testcase classname="com.trent.basetestUtility.BaseClass" name="@BeforeSuite configBS" time="0.0">
    <ignored/>
  </testcase> <!-- @BeforeSuite configBS -->
</testsuite> <!-- Test -->
